<?xml version="1.0" encoding="UTF-8"?>
<!-- Generated by org.testng.reporters.JUnitXMLReporter -->
<testsuite ignored="0" hostname="E-Tech" failures="0" tests="5" name="Default test" time="0.16" errors="0" timestamp="2021-10-17T11:18:19 IST">
  <testcase classname="TestStringCalculator" name="negativeInputReturnsException" time="0.017"/>
  <testcase classname="TestStringCalculator" name="returnsValue" time="0.008"/>
  <testcase classname="TestStringCalculator" name="returnsZero" time="0.002"/>
  <testcase classname="TestStringCalculator" name="sumOfNumbers" time="0.003"/>
  <testcase classname="TestStringCalculator" name="twoNumbersNewLineDelimiterReturnSum" time="0.006"/>
</testsuite> <!-- Default test -->
